RIJNDAEL: gcry_rijndael
RIJNDAEL192: gcry_rijndael
RIJNDAEL256: gcry_rijndael
AES128: gcry_rijndael
AES-128: gcry_rijndael
AES-192: gcry_rijndael
AES-256: gcry_rijndael
SEED: gcry_seed
TIGER192: gcry_tiger
BLOWFISH: gcry_blowfish
SHA224: gcry_sha256
SHA256: gcry_sha256
CRC32: gcry_crc
CRC32RFC1510: gcry_crc
CRC24RFC2440: gcry_crc
RIPEMD160: gcry_rmd160
SHA512: gcry_sha512
SHA384: gcry_sha512
MD4: gcry_md4
RFC2268_40: gcry_rfc2268
WHIRLPOOL: gcry_whirlpool
CAST5: gcry_cast5
DES: gcry_des
3DES: gcry_des
ARCFOUR: gcry_arcfour
AES: gcry_rijndael
AES192: gcry_rijndael
AES256: gcry_rijndael
CAMELLIA128: gcry_camellia
CAMELLIA192: gcry_camellia
CAMELLIA256: gcry_camellia
SHA1: gcry_sha1
TWOFISH: gcry_twofish
TWOFISH128: gcry_twofish
MD5: gcry_md5
SERPENT128: gcry_serpent
SERPENT192: gcry_serpent
SERPENT256: gcry_serpent
